2018-07-30 22:30:02: Error: Traceback does not support Error.prepareStackTrace being defined already
    at Object.<anonymous> (/Users/idongsu/Desktop/workspace/Freemed/EmrServer/node_modules/traceback/traceback.js:23:9)
    at Module._compile (module.js:635:30)
    at Object.Module._extensions..js (module.js:646:10)
    at Module.load (module.js:554:32)
    at tryModuleLoad (module.js:497:12)
    at Function.Module._load (module.js:489:3)
    at Module.require (module.js:579:17)
    at require (internal/module.js:11:18)
    at Object.<anonymous> (/Users/idongsu/Desktop/workspace/Freemed/EmrServer/node_modules/traceback/api.js:15:11)
    at Module._compile (module.js:635:30)
2018-07-30 22:30:02: Error: Traceback does not support Error.prepareStackTrace being defined already
    at Object.<anonymous> (/Users/idongsu/Desktop/workspace/Freemed/EmrServer/node_modules/traceback/traceback.js:23:9)
    at Module._compile (module.js:635:30)
    at Object.Module._extensions..js (module.js:646:10)
    at Module.load (module.js:554:32)
    at tryModuleLoad (module.js:497:12)
    at Function.Module._load (module.js:489:3)
    at Module.require (module.js:579:17)
    at require (internal/module.js:11:18)
    at Object.<anonymous> (/Users/idongsu/Desktop/workspace/Freemed/EmrServer/node_modules/traceback/api.js:15:11)
    at Module._compile (module.js:635:30)
2018-07-30 22:30:02: Error: Traceback does not support Error.prepareStackTrace being defined already
    at Object.<anonymous> (/Users/idongsu/Desktop/workspace/Freemed/EmrServer/node_modules/traceback/traceback.js:23:9)
    at Module._compile (module.js:635:30)
    at Object.Module._extensions..js (module.js:646:10)
    at Module.load (module.js:554:32)
    at tryModuleLoad (module.js:497:12)
    at Function.Module._load (module.js:489:3)
    at Module.require (module.js:579:17)
    at require (internal/module.js:11:18)
    at Object.<anonymous> (/Users/idongsu/Desktop/workspace/Freemed/EmrServer/node_modules/traceback/api.js:15:11)
    at Module._compile (module.js:635:30)
2018-07-30 22:30:02: Error: Traceback does not support Error.prepareStackTrace being defined already
    at Object.<anonymous> (/Users/idongsu/Desktop/workspace/Freemed/EmrServer/node_modules/traceback/traceback.js:23:9)
    at Module._compile (module.js:635:30)
    at Object.Module._extensions..js (module.js:646:10)
    at Module.load (module.js:554:32)
    at tryModuleLoad (module.js:497:12)
    at Function.Module._load (module.js:489:3)
    at Module.require (module.js:579:17)
    at require (internal/module.js:11:18)
    at Object.<anonymous> (/Users/idongsu/Desktop/workspace/Freemed/EmrServer/node_modules/traceback/api.js:15:11)
    at Module._compile (module.js:635:30)
2018-07-30 22:30:03: Error: Traceback does not support Error.prepareStackTrace being defined already
    at Object.<anonymous> (/Users/idongsu/Desktop/workspace/Freemed/EmrServer/node_modules/traceback/traceback.js:23:9)
    at Module._compile (module.js:635:30)
    at Object.Module._extensions..js (module.js:646:10)
    at Module.load (module.js:554:32)
    at tryModuleLoad (module.js:497:12)
    at Function.Module._load (module.js:489:3)
    at Module.require (module.js:579:17)
    at require (internal/module.js:11:18)
    at Object.<anonymous> (/Users/idongsu/Desktop/workspace/Freemed/EmrServer/node_modules/traceback/api.js:15:11)
    at Module._compile (module.js:635:30)
2018-07-30 22:30:03: Error: Traceback does not support Error.prepareStackTrace being defined already
    at Object.<anonymous> (/Users/idongsu/Desktop/workspace/Freemed/EmrServer/node_modules/traceback/traceback.js:23:9)
    at Module._compile (module.js:635:30)
    at Object.Module._extensions..js (module.js:646:10)
    at Module.load (module.js:554:32)
    at tryModuleLoad (module.js:497:12)
    at Function.Module._load (module.js:489:3)
    at Module.require (module.js:579:17)
    at require (internal/module.js:11:18)
    at Object.<anonymous> (/Users/idongsu/Desktop/workspace/Freemed/EmrServer/node_modules/traceback/api.js:15:11)
    at Module._compile (module.js:635:30)
2018-07-30 22:30:03: Error: Traceback does not support Error.prepareStackTrace being defined already
    at Object.<anonymous> (/Users/idongsu/Desktop/workspace/Freemed/EmrServer/node_modules/traceback/traceback.js:23:9)
    at Module._compile (module.js:635:30)
    at Object.Module._extensions..js (module.js:646:10)
    at Module.load (module.js:554:32)
    at tryModuleLoad (module.js:497:12)
    at Function.Module._load (module.js:489:3)
    at Module.require (module.js:579:17)
    at require (internal/module.js:11:18)
    at Object.<anonymous> (/Users/idongsu/Desktop/workspace/Freemed/EmrServer/node_modules/traceback/api.js:15:11)
    at Module._compile (module.js:635:30)
2018-07-30 22:30:04: Error: Traceback does not support Error.prepareStackTrace being defined already
    at Object.<anonymous> (/Users/idongsu/Desktop/workspace/Freemed/EmrServer/node_modules/traceback/traceback.js:23:9)
    at Module._compile (module.js:635:30)
    at Object.Module._extensions..js (module.js:646:10)
    at Module.load (module.js:554:32)
    at tryModuleLoad (module.js:497:12)
    at Function.Module._load (module.js:489:3)
    at Module.require (module.js:579:17)
    at require (internal/module.js:11:18)
    at Object.<anonymous> (/Users/idongsu/Desktop/workspace/Freemed/EmrServer/node_modules/traceback/api.js:15:11)
    at Module._compile (module.js:635:30)
2018-07-30 22:30:04: Error: Traceback does not support Error.prepareStackTrace being defined already
    at Object.<anonymous> (/Users/idongsu/Desktop/workspace/Freemed/EmrServer/node_modules/traceback/traceback.js:23:9)
    at Module._compile (module.js:635:30)
    at Object.Module._extensions..js (module.js:646:10)
    at Module.load (module.js:554:32)
    at tryModuleLoad (module.js:497:12)
    at Function.Module._load (module.js:489:3)
    at Module.require (module.js:579:17)
    at require (internal/module.js:11:18)
    at Object.<anonymous> (/Users/idongsu/Desktop/workspace/Freemed/EmrServer/node_modules/traceback/api.js:15:11)
    at Module._compile (module.js:635:30)
2018-07-30 22:30:05: Error: Traceback does not support Error.prepareStackTrace being defined already
    at Object.<anonymous> (/Users/idongsu/Desktop/workspace/Freemed/EmrServer/node_modules/traceback/traceback.js:23:9)
    at Module._compile (module.js:635:30)
    at Object.Module._extensions..js (module.js:646:10)
    at Module.load (module.js:554:32)
    at tryModuleLoad (module.js:497:12)
    at Function.Module._load (module.js:489:3)
    at Module.require (module.js:579:17)
    at require (internal/module.js:11:18)
    at Object.<anonymous> (/Users/idongsu/Desktop/workspace/Freemed/EmrServer/node_modules/traceback/api.js:15:11)
    at Module._compile (module.js:635:30)
2018-07-30 22:30:05: Error: Traceback does not support Error.prepareStackTrace being defined already
    at Object.<anonymous> (/Users/idongsu/Desktop/workspace/Freemed/EmrServer/node_modules/traceback/traceback.js:23:9)
    at Module._compile (module.js:635:30)
    at Object.Module._extensions..js (module.js:646:10)
    at Module.load (module.js:554:32)
    at tryModuleLoad (module.js:497:12)
    at Function.Module._load (module.js:489:3)
    at Module.require (module.js:579:17)
    at require (internal/module.js:11:18)
    at Object.<anonymous> (/Users/idongsu/Desktop/workspace/Freemed/EmrServer/node_modules/traceback/api.js:15:11)
    at Module._compile (module.js:635:30)
2018-07-30 22:30:05: Error: Traceback does not support Error.prepareStackTrace being defined already
    at Object.<anonymous> (/Users/idongsu/Desktop/workspace/Freemed/EmrServer/node_modules/traceback/traceback.js:23:9)
    at Module._compile (module.js:635:30)
    at Object.Module._extensions..js (module.js:646:10)
    at Module.load (module.js:554:32)
    at tryModuleLoad (module.js:497:12)
    at Function.Module._load (module.js:489:3)
    at Module.require (module.js:579:17)
    at require (internal/module.js:11:18)
    at Object.<anonymous> (/Users/idongsu/Desktop/workspace/Freemed/EmrServer/node_modules/traceback/api.js:15:11)
    at Module._compile (module.js:635:30)
2018-07-30 22:30:06: Error: Traceback does not support Error.prepareStackTrace being defined already
    at Object.<anonymous> (/Users/idongsu/Desktop/workspace/Freemed/EmrServer/node_modules/traceback/traceback.js:23:9)
    at Module._compile (module.js:635:30)
    at Object.Module._extensions..js (module.js:646:10)
    at Module.load (module.js:554:32)
    at tryModuleLoad (module.js:497:12)
    at Function.Module._load (module.js:489:3)
    at Module.require (module.js:579:17)
    at require (internal/module.js:11:18)
    at Object.<anonymous> (/Users/idongsu/Desktop/workspace/Freemed/EmrServer/node_modules/traceback/api.js:15:11)
    at Module._compile (module.js:635:30)
2018-07-30 22:30:06: Error: Traceback does not support Error.prepareStackTrace being defined already
    at Object.<anonymous> (/Users/idongsu/Desktop/workspace/Freemed/EmrServer/node_modules/traceback/traceback.js:23:9)
    at Module._compile (module.js:635:30)
    at Object.Module._extensions..js (module.js:646:10)
    at Module.load (module.js:554:32)
    at tryModuleLoad (module.js:497:12)
    at Function.Module._load (module.js:489:3)
    at Module.require (module.js:579:17)
    at require (internal/module.js:11:18)
    at Object.<anonymous> (/Users/idongsu/Desktop/workspace/Freemed/EmrServer/node_modules/traceback/api.js:15:11)
    at Module._compile (module.js:635:30)
2018-07-30 22:30:06: Error: Traceback does not support Error.prepareStackTrace being defined already
    at Object.<anonymous> (/Users/idongsu/Desktop/workspace/Freemed/EmrServer/node_modules/traceback/traceback.js:23:9)
    at Module._compile (module.js:635:30)
    at Object.Module._extensions..js (module.js:646:10)
    at Module.load (module.js:554:32)
    at tryModuleLoad (module.js:497:12)
    at Function.Module._load (module.js:489:3)
    at Module.require (module.js:579:17)
    at require (internal/module.js:11:18)
    at Object.<anonymous> (/Users/idongsu/Desktop/workspace/Freemed/EmrServer/node_modules/traceback/api.js:15:11)
    at Module._compile (module.js:635:30)
2018-07-30 22:30:07: Error: Traceback does not support Error.prepareStackTrace being defined already
    at Object.<anonymous> (/Users/idongsu/Desktop/workspace/Freemed/EmrServer/node_modules/traceback/traceback.js:23:9)
    at Module._compile (module.js:635:30)
    at Object.Module._extensions..js (module.js:646:10)
    at Module.load (module.js:554:32)
    at tryModuleLoad (module.js:497:12)
    at Function.Module._load (module.js:489:3)
    at Module.require (module.js:579:17)
    at require (internal/module.js:11:18)
    at Object.<anonymous> (/Users/idongsu/Desktop/workspace/Freemed/EmrServer/node_modules/traceback/api.js:15:11)
    at Module._compile (module.js:635:30)
2018-07-30 22:31:01: Error: Traceback does not support Error.prepareStackTrace being defined already
    at Object.<anonymous> (/Users/idongsu/Desktop/workspace/Freemed/EmrServer/node_modules/traceback/traceback.js:23:9)
    at Module._compile (module.js:635:30)
    at Object.Module._extensions..js (module.js:646:10)
    at Module.load (module.js:554:32)
    at tryModuleLoad (module.js:497:12)
    at Function.Module._load (module.js:489:3)
    at Module.require (module.js:579:17)
    at require (internal/module.js:11:18)
    at Object.<anonymous> (/Users/idongsu/Desktop/workspace/Freemed/EmrServer/node_modules/traceback/api.js:15:11)
    at Module._compile (module.js:635:30)
2018-07-30 22:31:02: Error: Traceback does not support Error.prepareStackTrace being defined already
    at Object.<anonymous> (/Users/idongsu/Desktop/workspace/Freemed/EmrServer/node_modules/traceback/traceback.js:23:9)
    at Module._compile (module.js:635:30)
    at Object.Module._extensions..js (module.js:646:10)
    at Module.load (module.js:554:32)
    at tryModuleLoad (module.js:497:12)
    at Function.Module._load (module.js:489:3)
    at Module.require (module.js:579:17)
    at require (internal/module.js:11:18)
    at Object.<anonymous> (/Users/idongsu/Desktop/workspace/Freemed/EmrServer/node_modules/traceback/api.js:15:11)
    at Module._compile (module.js:635:30)
2018-07-30 22:31:02: Error: Traceback does not support Error.prepareStackTrace being defined already
    at Object.<anonymous> (/Users/idongsu/Desktop/workspace/Freemed/EmrServer/node_modules/traceback/traceback.js:23:9)
    at Module._compile (module.js:635:30)
    at Object.Module._extensions..js (module.js:646:10)
    at Module.load (module.js:554:32)
    at tryModuleLoad (module.js:497:12)
    at Function.Module._load (module.js:489:3)
    at Module.require (module.js:579:17)
    at require (internal/module.js:11:18)
    at Object.<anonymous> (/Users/idongsu/Desktop/workspace/Freemed/EmrServer/node_modules/traceback/api.js:15:11)
    at Module._compile (module.js:635:30)
2018-07-30 22:31:02: Error: Traceback does not support Error.prepareStackTrace being defined already
    at Object.<anonymous> (/Users/idongsu/Desktop/workspace/Freemed/EmrServer/node_modules/traceback/traceback.js:23:9)
    at Module._compile (module.js:635:30)
    at Object.Module._extensions..js (module.js:646:10)
    at Module.load (module.js:554:32)
    at tryModuleLoad (module.js:497:12)
    at Function.Module._load (module.js:489:3)
    at Module.require (module.js:579:17)
    at require (internal/module.js:11:18)
    at Object.<anonymous> (/Users/idongsu/Desktop/workspace/Freemed/EmrServer/node_modules/traceback/api.js:15:11)
    at Module._compile (module.js:635:30)
2018-07-30 22:31:03: Error: Traceback does not support Error.prepareStackTrace being defined already
    at Object.<anonymous> (/Users/idongsu/Desktop/workspace/Freemed/EmrServer/node_modules/traceback/traceback.js:23:9)
    at Module._compile (module.js:635:30)
    at Object.Module._extensions..js (module.js:646:10)
    at Module.load (module.js:554:32)
    at tryModuleLoad (module.js:497:12)
    at Function.Module._load (module.js:489:3)
    at Module.require (module.js:579:17)
    at require (internal/module.js:11:18)
    at Object.<anonymous> (/Users/idongsu/Desktop/workspace/Freemed/EmrServer/node_modules/traceback/api.js:15:11)
    at Module._compile (module.js:635:30)
2018-07-30 22:31:03: Error: Traceback does not support Error.prepareStackTrace being defined already
    at Object.<anonymous> (/Users/idongsu/Desktop/workspace/Freemed/EmrServer/node_modules/traceback/traceback.js:23:9)
    at Module._compile (module.js:635:30)
    at Object.Module._extensions..js (module.js:646:10)
    at Module.load (module.js:554:32)
    at tryModuleLoad (module.js:497:12)
    at Function.Module._load (module.js:489:3)
    at Module.require (module.js:579:17)
    at require (internal/module.js:11:18)
    at Object.<anonymous> (/Users/idongsu/Desktop/workspace/Freemed/EmrServer/node_modules/traceback/api.js:15:11)
    at Module._compile (module.js:635:30)
2018-07-30 22:31:03: Error: Traceback does not support Error.prepareStackTrace being defined already
    at Object.<anonymous> (/Users/idongsu/Desktop/workspace/Freemed/EmrServer/node_modules/traceback/traceback.js:23:9)
    at Module._compile (module.js:635:30)
    at Object.Module._extensions..js (module.js:646:10)
    at Module.load (module.js:554:32)
    at tryModuleLoad (module.js:497:12)
    at Function.Module._load (module.js:489:3)
    at Module.require (module.js:579:17)
    at require (internal/module.js:11:18)
    at Object.<anonymous> (/Users/idongsu/Desktop/workspace/Freemed/EmrServer/node_modules/traceback/api.js:15:11)
    at Module._compile (module.js:635:30)
2018-07-30 22:31:04: Error: Traceback does not support Error.prepareStackTrace being defined already
    at Object.<anonymous> (/Users/idongsu/Desktop/workspace/Freemed/EmrServer/node_modules/traceback/traceback.js:23:9)
    at Module._compile (module.js:635:30)
    at Object.Module._extensions..js (module.js:646:10)
    at Module.load (module.js:554:32)
    at tryModuleLoad (module.js:497:12)
    at Function.Module._load (module.js:489:3)
    at Module.require (module.js:579:17)
    at require (internal/module.js:11:18)
    at Object.<anonymous> (/Users/idongsu/Desktop/workspace/Freemed/EmrServer/node_modules/traceback/api.js:15:11)
    at Module._compile (module.js:635:30)
2018-07-30 22:31:04: Error: Traceback does not support Error.prepareStackTrace being defined already
    at Object.<anonymous> (/Users/idongsu/Desktop/workspace/Freemed/EmrServer/node_modules/traceback/traceback.js:23:9)
    at Module._compile (module.js:635:30)
    at Object.Module._extensions..js (module.js:646:10)
    at Module.load (module.js:554:32)
    at tryModuleLoad (module.js:497:12)
    at Function.Module._load (module.js:489:3)
    at Module.require (module.js:579:17)
    at require (internal/module.js:11:18)
    at Object.<anonymous> (/Users/idongsu/Desktop/workspace/Freemed/EmrServer/node_modules/traceback/api.js:15:11)
    at Module._compile (module.js:635:30)
2018-07-30 22:31:04: Error: Traceback does not support Error.prepareStackTrace being defined already
    at Object.<anonymous> (/Users/idongsu/Desktop/workspace/Freemed/EmrServer/node_modules/traceback/traceback.js:23:9)
    at Module._compile (module.js:635:30)
    at Object.Module._extensions..js (module.js:646:10)
    at Module.load (module.js:554:32)
    at tryModuleLoad (module.js:497:12)
    at Function.Module._load (module.js:489:3)
    at Module.require (module.js:579:17)
    at require (internal/module.js:11:18)
    at Object.<anonymous> (/Users/idongsu/Desktop/workspace/Freemed/EmrServer/node_modules/traceback/api.js:15:11)
    at Module._compile (module.js:635:30)
2018-07-30 22:31:05: Error: Traceback does not support Error.prepareStackTrace being defined already
    at Object.<anonymous> (/Users/idongsu/Desktop/workspace/Freemed/EmrServer/node_modules/traceback/traceback.js:23:9)
    at Module._compile (module.js:635:30)
    at Object.Module._extensions..js (module.js:646:10)
    at Module.load (module.js:554:32)
    at tryModuleLoad (module.js:497:12)
    at Function.Module._load (module.js:489:3)
    at Module.require (module.js:579:17)
    at require (internal/module.js:11:18)
    at Object.<anonymous> (/Users/idongsu/Desktop/workspace/Freemed/EmrServer/node_modules/traceback/api.js:15:11)
    at Module._compile (module.js:635:30)
2018-07-30 22:31:05: Error: Traceback does not support Error.prepareStackTrace being defined already
    at Object.<anonymous> (/Users/idongsu/Desktop/workspace/Freemed/EmrServer/node_modules/traceback/traceback.js:23:9)
    at Module._compile (module.js:635:30)
    at Object.Module._extensions..js (module.js:646:10)
    at Module.load (module.js:554:32)
    at tryModuleLoad (module.js:497:12)
    at Function.Module._load (module.js:489:3)
    at Module.require (module.js:579:17)
    at require (internal/module.js:11:18)
    at Object.<anonymous> (/Users/idongsu/Desktop/workspace/Freemed/EmrServer/node_modules/traceback/api.js:15:11)
    at Module._compile (module.js:635:30)
2018-07-30 22:31:05: Error: Traceback does not support Error.prepareStackTrace being defined already
    at Object.<anonymous> (/Users/idongsu/Desktop/workspace/Freemed/EmrServer/node_modules/traceback/traceback.js:23:9)
    at Module._compile (module.js:635:30)
    at Object.Module._extensions..js (module.js:646:10)
    at Module.load (module.js:554:32)
    at tryModuleLoad (module.js:497:12)
    at Function.Module._load (module.js:489:3)
    at Module.require (module.js:579:17)
    at require (internal/module.js:11:18)
    at Object.<anonymous> (/Users/idongsu/Desktop/workspace/Freemed/EmrServer/node_modules/traceback/api.js:15:11)
    at Module._compile (module.js:635:30)
2018-07-30 22:31:06: Error: Traceback does not support Error.prepareStackTrace being defined already
    at Object.<anonymous> (/Users/idongsu/Desktop/workspace/Freemed/EmrServer/node_modules/traceback/traceback.js:23:9)
    at Module._compile (module.js:635:30)
    at Object.Module._extensions..js (module.js:646:10)
    at Module.load (module.js:554:32)
    at tryModuleLoad (module.js:497:12)
    at Function.Module._load (module.js:489:3)
    at Module.require (module.js:579:17)
    at require (internal/module.js:11:18)
    at Object.<anonymous> (/Users/idongsu/Desktop/workspace/Freemed/EmrServer/node_modules/traceback/api.js:15:11)
    at Module._compile (module.js:635:30)
2018-07-30 22:31:06: Error: Traceback does not support Error.prepareStackTrace being defined already
    at Object.<anonymous> (/Users/idongsu/Desktop/workspace/Freemed/EmrServer/node_modules/traceback/traceback.js:23:9)
    at Module._compile (module.js:635:30)
    at Object.Module._extensions..js (module.js:646:10)
    at Module.load (module.js:554:32)
    at tryModuleLoad (module.js:497:12)
    at Function.Module._load (module.js:489:3)
    at Module.require (module.js:579:17)
    at require (internal/module.js:11:18)
    at Object.<anonymous> (/Users/idongsu/Desktop/workspace/Freemed/EmrServer/node_modules/traceback/api.js:15:11)
    at Module._compile (module.js:635:30)
2018-07-30 22:31:06: Error: Traceback does not support Error.prepareStackTrace being defined already
    at Object.<anonymous> (/Users/idongsu/Desktop/workspace/Freemed/EmrServer/node_modules/traceback/traceback.js:23:9)
    at Module._compile (module.js:635:30)
    at Object.Module._extensions..js (module.js:646:10)
    at Module.load (module.js:554:32)
    at tryModuleLoad (module.js:497:12)
    at Function.Module._load (module.js:489:3)
    at Module.require (module.js:579:17)
    at require (internal/module.js:11:18)
    at Object.<anonymous> (/Users/idongsu/Desktop/workspace/Freemed/EmrServer/node_modules/traceback/api.js:15:11)
    at Module._compile (module.js:635:30)
2018-07-30 22:33:53: Error: Traceback does not support Error.prepareStackTrace being defined already
    at Object.<anonymous> (/Users/idongsu/Desktop/workspace/Freemed/EmrServer/node_modules/traceback/traceback.js:23:9)
    at Module._compile (module.js:635:30)
    at Object.Module._extensions..js (module.js:646:10)
    at Module.load (module.js:554:32)
    at tryModuleLoad (module.js:497:12)
    at Function.Module._load (module.js:489:3)
    at Module.require (module.js:579:17)
    at require (internal/module.js:11:18)
    at Object.<anonymous> (/Users/idongsu/Desktop/workspace/Freemed/EmrServer/node_modules/traceback/api.js:15:11)
    at Module._compile (module.js:635:30)
2018-07-30 22:33:53: Error: Traceback does not support Error.prepareStackTrace being defined already
    at Object.<anonymous> (/Users/idongsu/Desktop/workspace/Freemed/EmrServer/node_modules/traceback/traceback.js:23:9)
    at Module._compile (module.js:635:30)
    at Object.Module._extensions..js (module.js:646:10)
    at Module.load (module.js:554:32)
    at tryModuleLoad (module.js:497:12)
    at Function.Module._load (module.js:489:3)
    at Module.require (module.js:579:17)
    at require (internal/module.js:11:18)
    at Object.<anonymous> (/Users/idongsu/Desktop/workspace/Freemed/EmrServer/node_modules/traceback/api.js:15:11)
    at Module._compile (module.js:635:30)
2018-07-30 22:33:53: Error: Traceback does not support Error.prepareStackTrace being defined already
    at Object.<anonymous> (/Users/idongsu/Desktop/workspace/Freemed/EmrServer/node_modules/traceback/traceback.js:23:9)
    at Module._compile (module.js:635:30)
    at Object.Module._extensions..js (module.js:646:10)
    at Module.load (module.js:554:32)
    at tryModuleLoad (module.js:497:12)
    at Function.Module._load (module.js:489:3)
    at Module.require (module.js:579:17)
    at require (internal/module.js:11:18)
    at Object.<anonymous> (/Users/idongsu/Desktop/workspace/Freemed/EmrServer/node_modules/traceback/api.js:15:11)
    at Module._compile (module.js:635:30)
2018-07-30 22:33:54: Error: Traceback does not support Error.prepareStackTrace being defined already
    at Object.<anonymous> (/Users/idongsu/Desktop/workspace/Freemed/EmrServer/node_modules/traceback/traceback.js:23:9)
    at Module._compile (module.js:635:30)
    at Object.Module._extensions..js (module.js:646:10)
    at Module.load (module.js:554:32)
    at tryModuleLoad (module.js:497:12)
    at Function.Module._load (module.js:489:3)
    at Module.require (module.js:579:17)
    at require (internal/module.js:11:18)
    at Object.<anonymous> (/Users/idongsu/Desktop/workspace/Freemed/EmrServer/node_modules/traceback/api.js:15:11)
    at Module._compile (module.js:635:30)
2018-07-30 22:33:54: Error: Traceback does not support Error.prepareStackTrace being defined already
    at Object.<anonymous> (/Users/idongsu/Desktop/workspace/Freemed/EmrServer/node_modules/traceback/traceback.js:23:9)
    at Module._compile (module.js:635:30)
    at Object.Module._extensions..js (module.js:646:10)
    at Module.load (module.js:554:32)
    at tryModuleLoad (module.js:497:12)
    at Function.Module._load (module.js:489:3)
    at Module.require (module.js:579:17)
    at require (internal/module.js:11:18)
    at Object.<anonymous> (/Users/idongsu/Desktop/workspace/Freemed/EmrServer/node_modules/traceback/api.js:15:11)
    at Module._compile (module.js:635:30)
2018-07-30 22:33:54: Error: Traceback does not support Error.prepareStackTrace being defined already
    at Object.<anonymous> (/Users/idongsu/Desktop/workspace/Freemed/EmrServer/node_modules/traceback/traceback.js:23:9)
    at Module._compile (module.js:635:30)
    at Object.Module._extensions..js (module.js:646:10)
    at Module.load (module.js:554:32)
    at tryModuleLoad (module.js:497:12)
    at Function.Module._load (module.js:489:3)
    at Module.require (module.js:579:17)
    at require (internal/module.js:11:18)
    at Object.<anonymous> (/Users/idongsu/Desktop/workspace/Freemed/EmrServer/node_modules/traceback/api.js:15:11)
    at Module._compile (module.js:635:30)
2018-07-30 22:33:54: Error: Traceback does not support Error.prepareStackTrace being defined already
    at Object.<anonymous> (/Users/idongsu/Desktop/workspace/Freemed/EmrServer/node_modules/traceback/traceback.js:23:9)
    at Module._compile (module.js:635:30)
    at Object.Module._extensions..js (module.js:646:10)
    at Module.load (module.js:554:32)
    at tryModuleLoad (module.js:497:12)
    at Function.Module._load (module.js:489:3)
    at Module.require (module.js:579:17)
    at require (internal/module.js:11:18)
    at Object.<anonymous> (/Users/idongsu/Desktop/workspace/Freemed/EmrServer/node_modules/traceback/api.js:15:11)
    at Module._compile (module.js:635:30)
2018-07-30 22:33:55: Error: Traceback does not support Error.prepareStackTrace being defined already
    at Object.<anonymous> (/Users/idongsu/Desktop/workspace/Freemed/EmrServer/node_modules/traceback/traceback.js:23:9)
    at Module._compile (module.js:635:30)
    at Object.Module._extensions..js (module.js:646:10)
    at Module.load (module.js:554:32)
    at tryModuleLoad (module.js:497:12)
    at Function.Module._load (module.js:489:3)
    at Module.require (module.js:579:17)
    at require (internal/module.js:11:18)
    at Object.<anonymous> (/Users/idongsu/Desktop/workspace/Freemed/EmrServer/node_modules/traceback/api.js:15:11)
    at Module._compile (module.js:635:30)
2018-07-30 22:33:55: Error: Traceback does not support Error.prepareStackTrace being defined already
    at Object.<anonymous> (/Users/idongsu/Desktop/workspace/Freemed/EmrServer/node_modules/traceback/traceback.js:23:9)
    at Module._compile (module.js:635:30)
    at Object.Module._extensions..js (module.js:646:10)
    at Module.load (module.js:554:32)
    at tryModuleLoad (module.js:497:12)
    at Function.Module._load (module.js:489:3)
    at Module.require (module.js:579:17)
    at require (internal/module.js:11:18)
    at Object.<anonymous> (/Users/idongsu/Desktop/workspace/Freemed/EmrServer/node_modules/traceback/api.js:15:11)
    at Module._compile (module.js:635:30)
2018-07-30 22:33:55: Error: Traceback does not support Error.prepareStackTrace being defined already
    at Object.<anonymous> (/Users/idongsu/Desktop/workspace/Freemed/EmrServer/node_modules/traceback/traceback.js:23:9)
    at Module._compile (module.js:635:30)
    at Object.Module._extensions..js (module.js:646:10)
    at Module.load (module.js:554:32)
    at tryModuleLoad (module.js:497:12)
    at Function.Module._load (module.js:489:3)
    at Module.require (module.js:579:17)
    at require (internal/module.js:11:18)
    at Object.<anonymous> (/Users/idongsu/Desktop/workspace/Freemed/EmrServer/node_modules/traceback/api.js:15:11)
    at Module._compile (module.js:635:30)
2018-07-30 22:33:56: Error: Traceback does not support Error.prepareStackTrace being defined already
    at Object.<anonymous> (/Users/idongsu/Desktop/workspace/Freemed/EmrServer/node_modules/traceback/traceback.js:23:9)
    at Module._compile (module.js:635:30)
    at Object.Module._extensions..js (module.js:646:10)
    at Module.load (module.js:554:32)
    at tryModuleLoad (module.js:497:12)
    at Function.Module._load (module.js:489:3)
    at Module.require (module.js:579:17)
    at require (internal/module.js:11:18)
    at Object.<anonymous> (/Users/idongsu/Desktop/workspace/Freemed/EmrServer/node_modules/traceback/api.js:15:11)
    at Module._compile (module.js:635:30)
2018-07-30 22:33:56: Error: Traceback does not support Error.prepareStackTrace being defined already
    at Object.<anonymous> (/Users/idongsu/Desktop/workspace/Freemed/EmrServer/node_modules/traceback/traceback.js:23:9)
    at Module._compile (module.js:635:30)
    at Object.Module._extensions..js (module.js:646:10)
    at Module.load (module.js:554:32)
    at tryModuleLoad (module.js:497:12)
    at Function.Module._load (module.js:489:3)
    at Module.require (module.js:579:17)
    at require (internal/module.js:11:18)
    at Object.<anonymous> (/Users/idongsu/Desktop/workspace/Freemed/EmrServer/node_modules/traceback/api.js:15:11)
    at Module._compile (module.js:635:30)
2018-07-30 22:33:56: Error: Traceback does not support Error.prepareStackTrace being defined already
    at Object.<anonymous> (/Users/idongsu/Desktop/workspace/Freemed/EmrServer/node_modules/traceback/traceback.js:23:9)
    at Module._compile (module.js:635:30)
    at Object.Module._extensions..js (module.js:646:10)
    at Module.load (module.js:554:32)
    at tryModuleLoad (module.js:497:12)
    at Function.Module._load (module.js:489:3)
    at Module.require (module.js:579:17)
    at require (internal/module.js:11:18)
    at Object.<anonymous> (/Users/idongsu/Desktop/workspace/Freemed/EmrServer/node_modules/traceback/api.js:15:11)
    at Module._compile (module.js:635:30)
2018-07-30 22:33:56: Error: Traceback does not support Error.prepareStackTrace being defined already
    at Object.<anonymous> (/Users/idongsu/Desktop/workspace/Freemed/EmrServer/node_modules/traceback/traceback.js:23:9)
    at Module._compile (module.js:635:30)
    at Object.Module._extensions..js (module.js:646:10)
    at Module.load (module.js:554:32)
    at tryModuleLoad (module.js:497:12)
    at Function.Module._load (module.js:489:3)
    at Module.require (module.js:579:17)
    at require (internal/module.js:11:18)
    at Object.<anonymous> (/Users/idongsu/Desktop/workspace/Freemed/EmrServer/node_modules/traceback/api.js:15:11)
    at Module._compile (module.js:635:30)
2018-07-30 22:33:57: Error: Traceback does not support Error.prepareStackTrace being defined already
    at Object.<anonymous> (/Users/idongsu/Desktop/workspace/Freemed/EmrServer/node_modules/traceback/traceback.js:23:9)
    at Module._compile (module.js:635:30)
    at Object.Module._extensions..js (module.js:646:10)
    at Module.load (module.js:554:32)
    at tryModuleLoad (module.js:497:12)
    at Function.Module._load (module.js:489:3)
    at Module.require (module.js:579:17)
    at require (internal/module.js:11:18)
    at Object.<anonymous> (/Users/idongsu/Desktop/workspace/Freemed/EmrServer/node_modules/traceback/api.js:15:11)
    at Module._compile (module.js:635:30)
2018-07-30 22:33:57: Error: Traceback does not support Error.prepareStackTrace being defined already
    at Object.<anonymous> (/Users/idongsu/Desktop/workspace/Freemed/EmrServer/node_modules/traceback/traceback.js:23:9)
    at Module._compile (module.js:635:30)
    at Object.Module._extensions..js (module.js:646:10)
    at Module.load (module.js:554:32)
    at tryModuleLoad (module.js:497:12)
    at Function.Module._load (module.js:489:3)
    at Module.require (module.js:579:17)
    at require (internal/module.js:11:18)
    at Object.<anonymous> (/Users/idongsu/Desktop/workspace/Freemed/EmrServer/node_modules/traceback/api.js:15:11)
    at Module._compile (module.js:635:30)
2018-07-30 22:34:07: Error: Traceback does not support Error.prepareStackTrace being defined already
    at Object.<anonymous> (/Users/idongsu/Desktop/workspace/Freemed/EmrServer/node_modules/traceback/traceback.js:23:9)
    at Module._compile (module.js:635:30)
    at Object.Module._extensions..js (module.js:646:10)
    at Module.load (module.js:554:32)
    at tryModuleLoad (module.js:497:12)
    at Function.Module._load (module.js:489:3)
    at Module.require (module.js:579:17)
    at require (internal/module.js:11:18)
    at Object.<anonymous> (/Users/idongsu/Desktop/workspace/Freemed/EmrServer/node_modules/traceback/api.js:15:11)
    at Module._compile (module.js:635:30)
2018-07-30 22:34:08: Error: Traceback does not support Error.prepareStackTrace being defined already
    at Object.<anonymous> (/Users/idongsu/Desktop/workspace/Freemed/EmrServer/node_modules/traceback/traceback.js:23:9)
    at Module._compile (module.js:635:30)
    at Object.Module._extensions..js (module.js:646:10)
    at Module.load (module.js:554:32)
    at tryModuleLoad (module.js:497:12)
    at Function.Module._load (module.js:489:3)
    at Module.require (module.js:579:17)
    at require (internal/module.js:11:18)
    at Object.<anonymous> (/Users/idongsu/Desktop/workspace/Freemed/EmrServer/node_modules/traceback/api.js:15:11)
    at Module._compile (module.js:635:30)
2018-07-30 22:34:08: Error: Traceback does not support Error.prepareStackTrace being defined already
    at Object.<anonymous> (/Users/idongsu/Desktop/workspace/Freemed/EmrServer/node_modules/traceback/traceback.js:23:9)
    at Module._compile (module.js:635:30)
    at Object.Module._extensions..js (module.js:646:10)
    at Module.load (module.js:554:32)
    at tryModuleLoad (module.js:497:12)
    at Function.Module._load (module.js:489:3)
    at Module.require (module.js:579:17)
    at require (internal/module.js:11:18)
    at Object.<anonymous> (/Users/idongsu/Desktop/workspace/Freemed/EmrServer/node_modules/traceback/api.js:15:11)
    at Module._compile (module.js:635:30)
2018-07-30 22:34:08: Error: Traceback does not support Error.prepareStackTrace being defined already
    at Object.<anonymous> (/Users/idongsu/Desktop/workspace/Freemed/EmrServer/node_modules/traceback/traceback.js:23:9)
    at Module._compile (module.js:635:30)
    at Object.Module._extensions..js (module.js:646:10)
    at Module.load (module.js:554:32)
    at tryModuleLoad (module.js:497:12)
    at Function.Module._load (module.js:489:3)
    at Module.require (module.js:579:17)
    at require (internal/module.js:11:18)
    at Object.<anonymous> (/Users/idongsu/Desktop/workspace/Freemed/EmrServer/node_modules/traceback/api.js:15:11)
    at Module._compile (module.js:635:30)
2018-07-30 22:34:08: Error: Traceback does not support Error.prepareStackTrace being defined already
    at Object.<anonymous> (/Users/idongsu/Desktop/workspace/Freemed/EmrServer/node_modules/traceback/traceback.js:23:9)
    at Module._compile (module.js:635:30)
    at Object.Module._extensions..js (module.js:646:10)
    at Module.load (module.js:554:32)
    at tryModuleLoad (module.js:497:12)
    at Function.Module._load (module.js:489:3)
    at Module.require (module.js:579:17)
    at require (internal/module.js:11:18)
    at Object.<anonymous> (/Users/idongsu/Desktop/workspace/Freemed/EmrServer/node_modules/traceback/api.js:15:11)
    at Module._compile (module.js:635:30)
2018-07-30 22:34:09: Error: Traceback does not support Error.prepareStackTrace being defined already
    at Object.<anonymous> (/Users/idongsu/Desktop/workspace/Freemed/EmrServer/node_modules/traceback/traceback.js:23:9)
    at Module._compile (module.js:635:30)
    at Object.Module._extensions..js (module.js:646:10)
    at Module.load (module.js:554:32)
    at tryModuleLoad (module.js:497:12)
    at Function.Module._load (module.js:489:3)
    at Module.require (module.js:579:17)
    at require (internal/module.js:11:18)
    at Object.<anonymous> (/Users/idongsu/Desktop/workspace/Freemed/EmrServer/node_modules/traceback/api.js:15:11)
    at Module._compile (module.js:635:30)
2018-07-30 22:34:09: Error: Traceback does not support Error.prepareStackTrace being defined already
    at Object.<anonymous> (/Users/idongsu/Desktop/workspace/Freemed/EmrServer/node_modules/traceback/traceback.js:23:9)
    at Module._compile (module.js:635:30)
    at Object.Module._extensions..js (module.js:646:10)
    at Module.load (module.js:554:32)
    at tryModuleLoad (module.js:497:12)
    at Function.Module._load (module.js:489:3)
    at Module.require (module.js:579:17)
    at require (internal/module.js:11:18)
    at Object.<anonymous> (/Users/idongsu/Desktop/workspace/Freemed/EmrServer/node_modules/traceback/api.js:15:11)
    at Module._compile (module.js:635:30)
2018-07-30 22:34:09: Error: Traceback does not support Error.prepareStackTrace being defined already
    at Object.<anonymous> (/Users/idongsu/Desktop/workspace/Freemed/EmrServer/node_modules/traceback/traceback.js:23:9)
    at Module._compile (module.js:635:30)
    at Object.Module._extensions..js (module.js:646:10)
    at Module.load (module.js:554:32)
    at tryModuleLoad (module.js:497:12)
    at Function.Module._load (module.js:489:3)
    at Module.require (module.js:579:17)
    at require (internal/module.js:11:18)
    at Object.<anonymous> (/Users/idongsu/Desktop/workspace/Freemed/EmrServer/node_modules/traceback/api.js:15:11)
    at Module._compile (module.js:635:30)
2018-07-30 22:34:10: Error: Traceback does not support Error.prepareStackTrace being defined already
    at Object.<anonymous> (/Users/idongsu/Desktop/workspace/Freemed/EmrServer/node_modules/traceback/traceback.js:23:9)
    at Module._compile (module.js:635:30)
    at Object.Module._extensions..js (module.js:646:10)
    at Module.load (module.js:554:32)
    at tryModuleLoad (module.js:497:12)
    at Function.Module._load (module.js:489:3)
    at Module.require (module.js:579:17)
    at require (internal/module.js:11:18)
    at Object.<anonymous> (/Users/idongsu/Desktop/workspace/Freemed/EmrServer/node_modules/traceback/api.js:15:11)
    at Module._compile (module.js:635:30)
2018-07-30 22:34:10: Error: Traceback does not support Error.prepareStackTrace being defined already
    at Object.<anonymous> (/Users/idongsu/Desktop/workspace/Freemed/EmrServer/node_modules/traceback/traceback.js:23:9)
    at Module._compile (module.js:635:30)
    at Object.Module._extensions..js (module.js:646:10)
    at Module.load (module.js:554:32)
    at tryModuleLoad (module.js:497:12)
    at Function.Module._load (module.js:489:3)
    at Module.require (module.js:579:17)
    at require (internal/module.js:11:18)
    at Object.<anonymous> (/Users/idongsu/Desktop/workspace/Freemed/EmrServer/node_modules/traceback/api.js:15:11)
    at Module._compile (module.js:635:30)
2018-07-30 22:34:11: Error: Traceback does not support Error.prepareStackTrace being defined already
    at Object.<anonymous> (/Users/idongsu/Desktop/workspace/Freemed/EmrServer/node_modules/traceback/traceback.js:23:9)
    at Module._compile (module.js:635:30)
    at Object.Module._extensions..js (module.js:646:10)
    at Module.load (module.js:554:32)
    at tryModuleLoad (module.js:497:12)
    at Function.Module._load (module.js:489:3)
    at Module.require (module.js:579:17)
    at require (internal/module.js:11:18)
    at Object.<anonymous> (/Users/idongsu/Desktop/workspace/Freemed/EmrServer/node_modules/traceback/api.js:15:11)
    at Module._compile (module.js:635:30)
2018-07-30 22:34:11: Error: Traceback does not support Error.prepareStackTrace being defined already
    at Object.<anonymous> (/Users/idongsu/Desktop/workspace/Freemed/EmrServer/node_modules/traceback/traceback.js:23:9)
    at Module._compile (module.js:635:30)
    at Object.Module._extensions..js (module.js:646:10)
    at Module.load (module.js:554:32)
    at tryModuleLoad (module.js:497:12)
    at Function.Module._load (module.js:489:3)
    at Module.require (module.js:579:17)
    at require (internal/module.js:11:18)
    at Object.<anonymous> (/Users/idongsu/Desktop/workspace/Freemed/EmrServer/node_modules/traceback/api.js:15:11)
    at Module._compile (module.js:635:30)
2018-07-30 22:34:11: Error: Traceback does not support Error.prepareStackTrace being defined already
    at Object.<anonymous> (/Users/idongsu/Desktop/workspace/Freemed/EmrServer/node_modules/traceback/traceback.js:23:9)
    at Module._compile (module.js:635:30)
    at Object.Module._extensions..js (module.js:646:10)
    at Module.load (module.js:554:32)
    at tryModuleLoad (module.js:497:12)
    at Function.Module._load (module.js:489:3)
    at Module.require (module.js:579:17)
    at require (internal/module.js:11:18)
    at Object.<anonymous> (/Users/idongsu/Desktop/workspace/Freemed/EmrServer/node_modules/traceback/api.js:15:11)
    at Module._compile (module.js:635:30)
2018-07-30 22:34:12: Error: Traceback does not support Error.prepareStackTrace being defined already
    at Object.<anonymous> (/Users/idongsu/Desktop/workspace/Freemed/EmrServer/node_modules/traceback/traceback.js:23:9)
    at Module._compile (module.js:635:30)
    at Object.Module._extensions..js (module.js:646:10)
    at Module.load (module.js:554:32)
    at tryModuleLoad (module.js:497:12)
    at Function.Module._load (module.js:489:3)
    at Module.require (module.js:579:17)
    at require (internal/module.js:11:18)
    at Object.<anonymous> (/Users/idongsu/Desktop/workspace/Freemed/EmrServer/node_modules/traceback/api.js:15:11)
    at Module._compile (module.js:635:30)
2018-07-30 22:34:12: Error: Traceback does not support Error.prepareStackTrace being defined already
    at Object.<anonymous> (/Users/idongsu/Desktop/workspace/Freemed/EmrServer/node_modules/traceback/traceback.js:23:9)
    at Module._compile (module.js:635:30)
    at Object.Module._extensions..js (module.js:646:10)
    at Module.load (module.js:554:32)
    at tryModuleLoad (module.js:497:12)
    at Function.Module._load (module.js:489:3)
    at Module.require (module.js:579:17)
    at require (internal/module.js:11:18)
    at Object.<anonymous> (/Users/idongsu/Desktop/workspace/Freemed/EmrServer/node_modules/traceback/api.js:15:11)
    at Module._compile (module.js:635:30)
2018-07-30 22:34:12: Error: Traceback does not support Error.prepareStackTrace being defined already
    at Object.<anonymous> (/Users/idongsu/Desktop/workspace/Freemed/EmrServer/node_modules/traceback/traceback.js:23:9)
    at Module._compile (module.js:635:30)
    at Object.Module._extensions..js (module.js:646:10)
    at Module.load (module.js:554:32)
    at tryModuleLoad (module.js:497:12)
    at Function.Module._load (module.js:489:3)
    at Module.require (module.js:579:17)
    at require (internal/module.js:11:18)
    at Object.<anonymous> (/Users/idongsu/Desktop/workspace/Freemed/EmrServer/node_modules/traceback/api.js:15:11)
    at Module._compile (module.js:635:30)
2018-07-30 22:36:12: Error: Traceback does not support Error.prepareStackTrace being defined already
    at Object.<anonymous> (/Users/idongsu/Desktop/workspace/Freemed/EmrServer/node_modules/traceback/traceback.js:23:9)
    at Module._compile (module.js:635:30)
    at Object.Module._extensions..js (module.js:646:10)
    at Module.load (module.js:554:32)
    at tryModuleLoad (module.js:497:12)
    at Function.Module._load (module.js:489:3)
    at Module.require (module.js:579:17)
    at require (internal/module.js:11:18)
    at Object.<anonymous> (/Users/idongsu/Desktop/workspace/Freemed/EmrServer/node_modules/traceback/api.js:15:11)
    at Module._compile (module.js:635:30)
2018-07-30 22:36:13: Error: Traceback does not support Error.prepareStackTrace being defined already
    at Object.<anonymous> (/Users/idongsu/Desktop/workspace/Freemed/EmrServer/node_modules/traceback/traceback.js:23:9)
    at Module._compile (module.js:635:30)
    at Object.Module._extensions..js (module.js:646:10)
    at Module.load (module.js:554:32)
    at tryModuleLoad (module.js:497:12)
    at Function.Module._load (module.js:489:3)
    at Module.require (module.js:579:17)
    at require (internal/module.js:11:18)
    at Object.<anonymous> (/Users/idongsu/Desktop/workspace/Freemed/EmrServer/node_modules/traceback/api.js:15:11)
    at Module._compile (module.js:635:30)
2018-07-30 22:36:13: Error: Traceback does not support Error.prepareStackTrace being defined already
    at Object.<anonymous> (/Users/idongsu/Desktop/workspace/Freemed/EmrServer/node_modules/traceback/traceback.js:23:9)
    at Module._compile (module.js:635:30)
    at Object.Module._extensions..js (module.js:646:10)
    at Module.load (module.js:554:32)
    at tryModuleLoad (module.js:497:12)
    at Function.Module._load (module.js:489:3)
    at Module.require (module.js:579:17)
    at require (internal/module.js:11:18)
    at Object.<anonymous> (/Users/idongsu/Desktop/workspace/Freemed/EmrServer/node_modules/traceback/api.js:15:11)
    at Module._compile (module.js:635:30)
2018-07-30 22:36:13: Error: Traceback does not support Error.prepareStackTrace being defined already
    at Object.<anonymous> (/Users/idongsu/Desktop/workspace/Freemed/EmrServer/node_modules/traceback/traceback.js:23:9)
    at Module._compile (module.js:635:30)
    at Object.Module._extensions..js (module.js:646:10)
    at Module.load (module.js:554:32)
    at tryModuleLoad (module.js:497:12)
    at Function.Module._load (module.js:489:3)
    at Module.require (module.js:579:17)
    at require (internal/module.js:11:18)
    at Object.<anonymous> (/Users/idongsu/Desktop/workspace/Freemed/EmrServer/node_modules/traceback/api.js:15:11)
    at Module._compile (module.js:635:30)
2018-07-30 22:36:13: Error: Traceback does not support Error.prepareStackTrace being defined already
    at Object.<anonymous> (/Users/idongsu/Desktop/workspace/Freemed/EmrServer/node_modules/traceback/traceback.js:23:9)
    at Module._compile (module.js:635:30)
    at Object.Module._extensions..js (module.js:646:10)
    at Module.load (module.js:554:32)
    at tryModuleLoad (module.js:497:12)
    at Function.Module._load (module.js:489:3)
    at Module.require (module.js:579:17)
    at require (internal/module.js:11:18)
    at Object.<anonymous> (/Users/idongsu/Desktop/workspace/Freemed/EmrServer/node_modules/traceback/api.js:15:11)
    at Module._compile (module.js:635:30)
2018-07-30 22:36:14: Error: Traceback does not support Error.prepareStackTrace being defined already
    at Object.<anonymous> (/Users/idongsu/Desktop/workspace/Freemed/EmrServer/node_modules/traceback/traceback.js:23:9)
    at Module._compile (module.js:635:30)
    at Object.Module._extensions..js (module.js:646:10)
    at Module.load (module.js:554:32)
    at tryModuleLoad (module.js:497:12)
    at Function.Module._load (module.js:489:3)
    at Module.require (module.js:579:17)
    at require (internal/module.js:11:18)
    at Object.<anonymous> (/Users/idongsu/Desktop/workspace/Freemed/EmrServer/node_modules/traceback/api.js:15:11)
    at Module._compile (module.js:635:30)
2018-07-30 22:36:14: Error: Traceback does not support Error.prepareStackTrace being defined already
    at Object.<anonymous> (/Users/idongsu/Desktop/workspace/Freemed/EmrServer/node_modules/traceback/traceback.js:23:9)
    at Module._compile (module.js:635:30)
    at Object.Module._extensions..js (module.js:646:10)
    at Module.load (module.js:554:32)
    at tryModuleLoad (module.js:497:12)
    at Function.Module._load (module.js:489:3)
    at Module.require (module.js:579:17)
    at require (internal/module.js:11:18)
    at Object.<anonymous> (/Users/idongsu/Desktop/workspace/Freemed/EmrServer/node_modules/traceback/api.js:15:11)
    at Module._compile (module.js:635:30)
2018-07-30 22:36:14: Error: Traceback does not support Error.prepareStackTrace being defined already
    at Object.<anonymous> (/Users/idongsu/Desktop/workspace/Freemed/EmrServer/node_modules/traceback/traceback.js:23:9)
    at Module._compile (module.js:635:30)
    at Object.Module._extensions..js (module.js:646:10)
    at Module.load (module.js:554:32)
    at tryModuleLoad (module.js:497:12)
    at Function.Module._load (module.js:489:3)
    at Module.require (module.js:579:17)
    at require (internal/module.js:11:18)
    at Object.<anonymous> (/Users/idongsu/Desktop/workspace/Freemed/EmrServer/node_modules/traceback/api.js:15:11)
    at Module._compile (module.js:635:30)
2018-07-30 22:36:14: Error: Traceback does not support Error.prepareStackTrace being defined already
    at Object.<anonymous> (/Users/idongsu/Desktop/workspace/Freemed/EmrServer/node_modules/traceback/traceback.js:23:9)
    at Module._compile (module.js:635:30)
    at Object.Module._extensions..js (module.js:646:10)
    at Module.load (module.js:554:32)
    at tryModuleLoad (module.js:497:12)
    at Function.Module._load (module.js:489:3)
    at Module.require (module.js:579:17)
    at require (internal/module.js:11:18)
    at Object.<anonymous> (/Users/idongsu/Desktop/workspace/Freemed/EmrServer/node_modules/traceback/api.js:15:11)
    at Module._compile (module.js:635:30)
2018-07-30 22:36:15: Error: Traceback does not support Error.prepareStackTrace being defined already
    at Object.<anonymous> (/Users/idongsu/Desktop/workspace/Freemed/EmrServer/node_modules/traceback/traceback.js:23:9)
    at Module._compile (module.js:635:30)
    at Object.Module._extensions..js (module.js:646:10)
    at Module.load (module.js:554:32)
    at tryModuleLoad (module.js:497:12)
    at Function.Module._load (module.js:489:3)
    at Module.require (module.js:579:17)
    at require (internal/module.js:11:18)
    at Object.<anonymous> (/Users/idongsu/Desktop/workspace/Freemed/EmrServer/node_modules/traceback/api.js:15:11)
    at Module._compile (module.js:635:30)
2018-07-30 22:36:15: Error: Traceback does not support Error.prepareStackTrace being defined already
    at Object.<anonymous> (/Users/idongsu/Desktop/workspace/Freemed/EmrServer/node_modules/traceback/traceback.js:23:9)
    at Module._compile (module.js:635:30)
    at Object.Module._extensions..js (module.js:646:10)
    at Module.load (module.js:554:32)
    at tryModuleLoad (module.js:497:12)
    at Function.Module._load (module.js:489:3)
    at Module.require (module.js:579:17)
    at require (internal/module.js:11:18)
    at Object.<anonymous> (/Users/idongsu/Desktop/workspace/Freemed/EmrServer/node_modules/traceback/api.js:15:11)
    at Module._compile (module.js:635:30)
2018-07-30 22:36:15: Error: Traceback does not support Error.prepareStackTrace being defined already
    at Object.<anonymous> (/Users/idongsu/Desktop/workspace/Freemed/EmrServer/node_modules/traceback/traceback.js:23:9)
    at Module._compile (module.js:635:30)
    at Object.Module._extensions..js (module.js:646:10)
    at Module.load (module.js:554:32)
    at tryModuleLoad (module.js:497:12)
    at Function.Module._load (module.js:489:3)
    at Module.require (module.js:579:17)
    at require (internal/module.js:11:18)
    at Object.<anonymous> (/Users/idongsu/Desktop/workspace/Freemed/EmrServer/node_modules/traceback/api.js:15:11)
    at Module._compile (module.js:635:30)
2018-07-30 22:36:16: Error: Traceback does not support Error.prepareStackTrace being defined already
    at Object.<anonymous> (/Users/idongsu/Desktop/workspace/Freemed/EmrServer/node_modules/traceback/traceback.js:23:9)
    at Module._compile (module.js:635:30)
    at Object.Module._extensions..js (module.js:646:10)
    at Module.load (module.js:554:32)
    at tryModuleLoad (module.js:497:12)
    at Function.Module._load (module.js:489:3)
    at Module.require (module.js:579:17)
    at require (internal/module.js:11:18)
    at Object.<anonymous> (/Users/idongsu/Desktop/workspace/Freemed/EmrServer/node_modules/traceback/api.js:15:11)
    at Module._compile (module.js:635:30)
2018-07-30 22:36:16: Error: Traceback does not support Error.prepareStackTrace being defined already
    at Object.<anonymous> (/Users/idongsu/Desktop/workspace/Freemed/EmrServer/node_modules/traceback/traceback.js:23:9)
    at Module._compile (module.js:635:30)
    at Object.Module._extensions..js (module.js:646:10)
    at Module.load (module.js:554:32)
    at tryModuleLoad (module.js:497:12)
    at Function.Module._load (module.js:489:3)
    at Module.require (module.js:579:17)
    at require (internal/module.js:11:18)
    at Object.<anonymous> (/Users/idongsu/Desktop/workspace/Freemed/EmrServer/node_modules/traceback/api.js:15:11)
    at Module._compile (module.js:635:30)
2018-07-30 22:36:16: Error: Traceback does not support Error.prepareStackTrace being defined already
    at Object.<anonymous> (/Users/idongsu/Desktop/workspace/Freemed/EmrServer/node_modules/traceback/traceback.js:23:9)
    at Module._compile (module.js:635:30)
    at Object.Module._extensions..js (module.js:646:10)
    at Module.load (module.js:554:32)
    at tryModuleLoad (module.js:497:12)
    at Function.Module._load (module.js:489:3)
    at Module.require (module.js:579:17)
    at require (internal/module.js:11:18)
    at Object.<anonymous> (/Users/idongsu/Desktop/workspace/Freemed/EmrServer/node_modules/traceback/api.js:15:11)
    at Module._compile (module.js:635:30)
2018-07-30 22:36:16: Error: Traceback does not support Error.prepareStackTrace being defined already
    at Object.<anonymous> (/Users/idongsu/Desktop/workspace/Freemed/EmrServer/node_modules/traceback/traceback.js:23:9)
    at Module._compile (module.js:635:30)
    at Object.Module._extensions..js (module.js:646:10)
    at Module.load (module.js:554:32)
    at tryModuleLoad (module.js:497:12)
    at Function.Module._load (module.js:489:3)
    at Module.require (module.js:579:17)
    at require (internal/module.js:11:18)
    at Object.<anonymous> (/Users/idongsu/Desktop/workspace/Freemed/EmrServer/node_modules/traceback/api.js:15:11)
    at Module._compile (module.js:635:30)
2018-07-31 01:19:54: Error: Traceback does not support Error.prepareStackTrace being defined already
    at Object.<anonymous> (/Users/idongsu/Desktop/workspace/Freemed/EmrServer/node_modules/traceback/traceback.js:23:9)
    at Module._compile (module.js:635:30)
    at Object.Module._extensions..js (module.js:646:10)
    at Module.load (module.js:554:32)
    at tryModuleLoad (module.js:497:12)
    at Function.Module._load (module.js:489:3)
    at Module.require (module.js:579:17)
    at require (internal/module.js:11:18)
    at Object.<anonymous> (/Users/idongsu/Desktop/workspace/Freemed/EmrServer/node_modules/traceback/api.js:15:11)
    at Module._compile (module.js:635:30)
2018-07-31 01:19:54: Error: Traceback does not support Error.prepareStackTrace being defined already
    at Object.<anonymous> (/Users/idongsu/Desktop/workspace/Freemed/EmrServer/node_modules/traceback/traceback.js:23:9)
    at Module._compile (module.js:635:30)
    at Object.Module._extensions..js (module.js:646:10)
    at Module.load (module.js:554:32)
    at tryModuleLoad (module.js:497:12)
    at Function.Module._load (module.js:489:3)
    at Module.require (module.js:579:17)
    at require (internal/module.js:11:18)
    at Object.<anonymous> (/Users/idongsu/Desktop/workspace/Freemed/EmrServer/node_modules/traceback/api.js:15:11)
    at Module._compile (module.js:635:30)
2018-07-31 01:19:55: Error: Traceback does not support Error.prepareStackTrace being defined already
    at Object.<anonymous> (/Users/idongsu/Desktop/workspace/Freemed/EmrServer/node_modules/traceback/traceback.js:23:9)
    at Module._compile (module.js:635:30)
    at Object.Module._extensions..js (module.js:646:10)
    at Module.load (module.js:554:32)
    at tryModuleLoad (module.js:497:12)
    at Function.Module._load (module.js:489:3)
    at Module.require (module.js:579:17)
    at require (internal/module.js:11:18)
    at Object.<anonymous> (/Users/idongsu/Desktop/workspace/Freemed/EmrServer/node_modules/traceback/api.js:15:11)
    at Module._compile (module.js:635:30)
2018-07-31 01:19:55: Error: Traceback does not support Error.prepareStackTrace being defined already
    at Object.<anonymous> (/Users/idongsu/Desktop/workspace/Freemed/EmrServer/node_modules/traceback/traceback.js:23:9)
    at Module._compile (module.js:635:30)
    at Object.Module._extensions..js (module.js:646:10)
    at Module.load (module.js:554:32)
    at tryModuleLoad (module.js:497:12)
    at Function.Module._load (module.js:489:3)
    at Module.require (module.js:579:17)
    at require (internal/module.js:11:18)
    at Object.<anonymous> (/Users/idongsu/Desktop/workspace/Freemed/EmrServer/node_modules/traceback/api.js:15:11)
    at Module._compile (module.js:635:30)
2018-07-31 01:19:55: Error: Traceback does not support Error.prepareStackTrace being defined already
    at Object.<anonymous> (/Users/idongsu/Desktop/workspace/Freemed/EmrServer/node_modules/traceback/traceback.js:23:9)
    at Module._compile (module.js:635:30)
    at Object.Module._extensions..js (module.js:646:10)
    at Module.load (module.js:554:32)
    at tryModuleLoad (module.js:497:12)
    at Function.Module._load (module.js:489:3)
    at Module.require (module.js:579:17)
    at require (internal/module.js:11:18)
    at Object.<anonymous> (/Users/idongsu/Desktop/workspace/Freemed/EmrServer/node_modules/traceback/api.js:15:11)
    at Module._compile (module.js:635:30)
2018-07-31 01:19:55: Error: Traceback does not support Error.prepareStackTrace being defined already
    at Object.<anonymous> (/Users/idongsu/Desktop/workspace/Freemed/EmrServer/node_modules/traceback/traceback.js:23:9)
    at Module._compile (module.js:635:30)
    at Object.Module._extensions..js (module.js:646:10)
    at Module.load (module.js:554:32)
    at tryModuleLoad (module.js:497:12)
    at Function.Module._load (module.js:489:3)
    at Module.require (module.js:579:17)
    at require (internal/module.js:11:18)
    at Object.<anonymous> (/Users/idongsu/Desktop/workspace/Freemed/EmrServer/node_modules/traceback/api.js:15:11)
    at Module._compile (module.js:635:30)
2018-07-31 01:19:56: Error: Traceback does not support Error.prepareStackTrace being defined already
    at Object.<anonymous> (/Users/idongsu/Desktop/workspace/Freemed/EmrServer/node_modules/traceback/traceback.js:23:9)
    at Module._compile (module.js:635:30)
    at Object.Module._extensions..js (module.js:646:10)
    at Module.load (module.js:554:32)
    at tryModuleLoad (module.js:497:12)
    at Function.Module._load (module.js:489:3)
    at Module.require (module.js:579:17)
    at require (internal/module.js:11:18)
    at Object.<anonymous> (/Users/idongsu/Desktop/workspace/Freemed/EmrServer/node_modules/traceback/api.js:15:11)
    at Module._compile (module.js:635:30)
2018-07-31 01:19:56: Error: Traceback does not support Error.prepareStackTrace being defined already
    at Object.<anonymous> (/Users/idongsu/Desktop/workspace/Freemed/EmrServer/node_modules/traceback/traceback.js:23:9)
    at Module._compile (module.js:635:30)
    at Object.Module._extensions..js (module.js:646:10)
    at Module.load (module.js:554:32)
    at tryModuleLoad (module.js:497:12)
    at Function.Module._load (module.js:489:3)
    at Module.require (module.js:579:17)
    at require (internal/module.js:11:18)
    at Object.<anonymous> (/Users/idongsu/Desktop/workspace/Freemed/EmrServer/node_modules/traceback/api.js:15:11)
    at Module._compile (module.js:635:30)
2018-07-31 01:19:56: Error: Traceback does not support Error.prepareStackTrace being defined already
    at Object.<anonymous> (/Users/idongsu/Desktop/workspace/Freemed/EmrServer/node_modules/traceback/traceback.js:23:9)
    at Module._compile (module.js:635:30)
    at Object.Module._extensions..js (module.js:646:10)
    at Module.load (module.js:554:32)
    at tryModuleLoad (module.js:497:12)
    at Function.Module._load (module.js:489:3)
    at Module.require (module.js:579:17)
    at require (internal/module.js:11:18)
    at Object.<anonymous> (/Users/idongsu/Desktop/workspace/Freemed/EmrServer/node_modules/traceback/api.js:15:11)
    at Module._compile (module.js:635:30)
2018-07-31 01:19:57: Error: Traceback does not support Error.prepareStackTrace being defined already
    at Object.<anonymous> (/Users/idongsu/Desktop/workspace/Freemed/EmrServer/node_modules/traceback/traceback.js:23:9)
    at Module._compile (module.js:635:30)
    at Object.Module._extensions..js (module.js:646:10)
    at Module.load (module.js:554:32)
    at tryModuleLoad (module.js:497:12)
    at Function.Module._load (module.js:489:3)
    at Module.require (module.js:579:17)
    at require (internal/module.js:11:18)
    at Object.<anonymous> (/Users/idongsu/Desktop/workspace/Freemed/EmrServer/node_modules/traceback/api.js:15:11)
    at Module._compile (module.js:635:30)
2018-07-31 01:19:57: Error: Traceback does not support Error.prepareStackTrace being defined already
    at Object.<anonymous> (/Users/idongsu/Desktop/workspace/Freemed/EmrServer/node_modules/traceback/traceback.js:23:9)
    at Module._compile (module.js:635:30)
    at Object.Module._extensions..js (module.js:646:10)
    at Module.load (module.js:554:32)
    at tryModuleLoad (module.js:497:12)
    at Function.Module._load (module.js:489:3)
    at Module.require (module.js:579:17)
    at require (internal/module.js:11:18)
    at Object.<anonymous> (/Users/idongsu/Desktop/workspace/Freemed/EmrServer/node_modules/traceback/api.js:15:11)
    at Module._compile (module.js:635:30)
2018-07-31 01:19:57: Error: Traceback does not support Error.prepareStackTrace being defined already
    at Object.<anonymous> (/Users/idongsu/Desktop/workspace/Freemed/EmrServer/node_modules/traceback/traceback.js:23:9)
    at Module._compile (module.js:635:30)
    at Object.Module._extensions..js (module.js:646:10)
    at Module.load (module.js:554:32)
    at tryModuleLoad (module.js:497:12)
    at Function.Module._load (module.js:489:3)
    at Module.require (module.js:579:17)
    at require (internal/module.js:11:18)
    at Object.<anonymous> (/Users/idongsu/Desktop/workspace/Freemed/EmrServer/node_modules/traceback/api.js:15:11)
    at Module._compile (module.js:635:30)
2018-07-31 01:19:58: Error: Traceback does not support Error.prepareStackTrace being defined already
    at Object.<anonymous> (/Users/idongsu/Desktop/workspace/Freemed/EmrServer/node_modules/traceback/traceback.js:23:9)
    at Module._compile (module.js:635:30)
    at Object.Module._extensions..js (module.js:646:10)
    at Module.load (module.js:554:32)
    at tryModuleLoad (module.js:497:12)
    at Function.Module._load (module.js:489:3)
    at Module.require (module.js:579:17)
    at require (internal/module.js:11:18)
    at Object.<anonymous> (/Users/idongsu/Desktop/workspace/Freemed/EmrServer/node_modules/traceback/api.js:15:11)
    at Module._compile (module.js:635:30)
2018-07-31 01:19:58: Error: Traceback does not support Error.prepareStackTrace being defined already
    at Object.<anonymous> (/Users/idongsu/Desktop/workspace/Freemed/EmrServer/node_modules/traceback/traceback.js:23:9)
    at Module._compile (module.js:635:30)
    at Object.Module._extensions..js (module.js:646:10)
    at Module.load (module.js:554:32)
    at tryModuleLoad (module.js:497:12)
    at Function.Module._load (module.js:489:3)
    at Module.require (module.js:579:17)
    at require (internal/module.js:11:18)
    at Object.<anonymous> (/Users/idongsu/Desktop/workspace/Freemed/EmrServer/node_modules/traceback/api.js:15:11)
    at Module._compile (module.js:635:30)
2018-07-31 01:19:58: Error: Traceback does not support Error.prepareStackTrace being defined already
    at Object.<anonymous> (/Users/idongsu/Desktop/workspace/Freemed/EmrServer/node_modules/traceback/traceback.js:23:9)
    at Module._compile (module.js:635:30)
    at Object.Module._extensions..js (module.js:646:10)
    at Module.load (module.js:554:32)
    at tryModuleLoad (module.js:497:12)
    at Function.Module._load (module.js:489:3)
    at Module.require (module.js:579:17)
    at require (internal/module.js:11:18)
    at Object.<anonymous> (/Users/idongsu/Desktop/workspace/Freemed/EmrServer/node_modules/traceback/api.js:15:11)
    at Module._compile (module.js:635:30)
2018-07-31 01:19:58: Error: Traceback does not support Error.prepareStackTrace being defined already
    at Object.<anonymous> (/Users/idongsu/Desktop/workspace/Freemed/EmrServer/node_modules/traceback/traceback.js:23:9)
    at Module._compile (module.js:635:30)
    at Object.Module._extensions..js (module.js:646:10)
    at Module.load (module.js:554:32)
    at tryModuleLoad (module.js:497:12)
    at Function.Module._load (module.js:489:3)
    at Module.require (module.js:579:17)
    at require (internal/module.js:11:18)
    at Object.<anonymous> (/Users/idongsu/Desktop/workspace/Freemed/EmrServer/node_modules/traceback/api.js:15:11)
    at Module._compile (module.js:635:30)
2018-07-31 01:20:15: Error: Traceback does not support Error.prepareStackTrace being defined already
    at Object.<anonymous> (/Users/idongsu/Desktop/workspace/Freemed/EmrServer/node_modules/traceback/traceback.js:23:9)
    at Module._compile (module.js:635:30)
    at Object.Module._extensions..js (module.js:646:10)
    at Module.load (module.js:554:32)
    at tryModuleLoad (module.js:497:12)
    at Function.Module._load (module.js:489:3)
    at Module.require (module.js:579:17)
    at require (internal/module.js:11:18)
    at Object.<anonymous> (/Users/idongsu/Desktop/workspace/Freemed/EmrServer/node_modules/traceback/api.js:15:11)
    at Module._compile (module.js:635:30)
2018-07-31 01:20:16: Error: Traceback does not support Error.prepareStackTrace being defined already
    at Object.<anonymous> (/Users/idongsu/Desktop/workspace/Freemed/EmrServer/node_modules/traceback/traceback.js:23:9)
    at Module._compile (module.js:635:30)
    at Object.Module._extensions..js (module.js:646:10)
    at Module.load (module.js:554:32)
    at tryModuleLoad (module.js:497:12)
    at Function.Module._load (module.js:489:3)
    at Module.require (module.js:579:17)
    at require (internal/module.js:11:18)
    at Object.<anonymous> (/Users/idongsu/Desktop/workspace/Freemed/EmrServer/node_modules/traceback/api.js:15:11)
    at Module._compile (module.js:635:30)
2018-07-31 01:20:16: Error: Traceback does not support Error.prepareStackTrace being defined already
    at Object.<anonymous> (/Users/idongsu/Desktop/workspace/Freemed/EmrServer/node_modules/traceback/traceback.js:23:9)
    at Module._compile (module.js:635:30)
    at Object.Module._extensions..js (module.js:646:10)
    at Module.load (module.js:554:32)
    at tryModuleLoad (module.js:497:12)
    at Function.Module._load (module.js:489:3)
    at Module.require (module.js:579:17)
    at require (internal/module.js:11:18)
    at Object.<anonymous> (/Users/idongsu/Desktop/workspace/Freemed/EmrServer/node_modules/traceback/api.js:15:11)
    at Module._compile (module.js:635:30)
2018-07-31 01:20:16: Error: Traceback does not support Error.prepareStackTrace being defined already
    at Object.<anonymous> (/Users/idongsu/Desktop/workspace/Freemed/EmrServer/node_modules/traceback/traceback.js:23:9)
    at Module._compile (module.js:635:30)
    at Object.Module._extensions..js (module.js:646:10)
    at Module.load (module.js:554:32)
    at tryModuleLoad (module.js:497:12)
    at Function.Module._load (module.js:489:3)
    at Module.require (module.js:579:17)
    at require (internal/module.js:11:18)
    at Object.<anonymous> (/Users/idongsu/Desktop/workspace/Freemed/EmrServer/node_modules/traceback/api.js:15:11)
    at Module._compile (module.js:635:30)
2018-07-31 01:20:17: Error: Traceback does not support Error.prepareStackTrace being defined already
    at Object.<anonymous> (/Users/idongsu/Desktop/workspace/Freemed/EmrServer/node_modules/traceback/traceback.js:23:9)
    at Module._compile (module.js:635:30)
    at Object.Module._extensions..js (module.js:646:10)
    at Module.load (module.js:554:32)
    at tryModuleLoad (module.js:497:12)
    at Function.Module._load (module.js:489:3)
    at Module.require (module.js:579:17)
    at require (internal/module.js:11:18)
    at Object.<anonymous> (/Users/idongsu/Desktop/workspace/Freemed/EmrServer/node_modules/traceback/api.js:15:11)
    at Module._compile (module.js:635:30)
2018-07-31 01:20:17: Error: Traceback does not support Error.prepareStackTrace being defined already
    at Object.<anonymous> (/Users/idongsu/Desktop/workspace/Freemed/EmrServer/node_modules/traceback/traceback.js:23:9)
    at Module._compile (module.js:635:30)
    at Object.Module._extensions..js (module.js:646:10)
    at Module.load (module.js:554:32)
    at tryModuleLoad (module.js:497:12)
    at Function.Module._load (module.js:489:3)
    at Module.require (module.js:579:17)
    at require (internal/module.js:11:18)
    at Object.<anonymous> (/Users/idongsu/Desktop/workspace/Freemed/EmrServer/node_modules/traceback/api.js:15:11)
    at Module._compile (module.js:635:30)
2018-07-31 01:20:17: Error: Traceback does not support Error.prepareStackTrace being defined already
    at Object.<anonymous> (/Users/idongsu/Desktop/workspace/Freemed/EmrServer/node_modules/traceback/traceback.js:23:9)
    at Module._compile (module.js:635:30)
    at Object.Module._extensions..js (module.js:646:10)
    at Module.load (module.js:554:32)
    at tryModuleLoad (module.js:497:12)
    at Function.Module._load (module.js:489:3)
    at Module.require (module.js:579:17)
    at require (internal/module.js:11:18)
    at Object.<anonymous> (/Users/idongsu/Desktop/workspace/Freemed/EmrServer/node_modules/traceback/api.js:15:11)
    at Module._compile (module.js:635:30)
2018-07-31 01:20:18: Error: Traceback does not support Error.prepareStackTrace being defined already
    at Object.<anonymous> (/Users/idongsu/Desktop/workspace/Freemed/EmrServer/node_modules/traceback/traceback.js:23:9)
    at Module._compile (module.js:635:30)
    at Object.Module._extensions..js (module.js:646:10)
    at Module.load (module.js:554:32)
    at tryModuleLoad (module.js:497:12)
    at Function.Module._load (module.js:489:3)
    at Module.require (module.js:579:17)
    at require (internal/module.js:11:18)
    at Object.<anonymous> (/Users/idongsu/Desktop/workspace/Freemed/EmrServer/node_modules/traceback/api.js:15:11)
    at Module._compile (module.js:635:30)
2018-07-31 01:20:18: Error: Traceback does not support Error.prepareStackTrace being defined already
    at Object.<anonymous> (/Users/idongsu/Desktop/workspace/Freemed/EmrServer/node_modules/traceback/traceback.js:23:9)
    at Module._compile (module.js:635:30)
    at Object.Module._extensions..js (module.js:646:10)
    at Module.load (module.js:554:32)
    at tryModuleLoad (module.js:497:12)
    at Function.Module._load (module.js:489:3)
    at Module.require (module.js:579:17)
    at require (internal/module.js:11:18)
    at Object.<anonymous> (/Users/idongsu/Desktop/workspace/Freemed/EmrServer/node_modules/traceback/api.js:15:11)
    at Module._compile (module.js:635:30)
2018-07-31 01:20:19: Error: Traceback does not support Error.prepareStackTrace being defined already
    at Object.<anonymous> (/Users/idongsu/Desktop/workspace/Freemed/EmrServer/node_modules/traceback/traceback.js:23:9)
    at Module._compile (module.js:635:30)
    at Object.Module._extensions..js (module.js:646:10)
    at Module.load (module.js:554:32)
    at tryModuleLoad (module.js:497:12)
    at Function.Module._load (module.js:489:3)
    at Module.require (module.js:579:17)
    at require (internal/module.js:11:18)
    at Object.<anonymous> (/Users/idongsu/Desktop/workspace/Freemed/EmrServer/node_modules/traceback/api.js:15:11)
    at Module._compile (module.js:635:30)
2018-07-31 01:20:19: Error: Traceback does not support Error.prepareStackTrace being defined already
    at Object.<anonymous> (/Users/idongsu/Desktop/workspace/Freemed/EmrServer/node_modules/traceback/traceback.js:23:9)
    at Module._compile (module.js:635:30)
    at Object.Module._extensions..js (module.js:646:10)
    at Module.load (module.js:554:32)
    at tryModuleLoad (module.js:497:12)
    at Function.Module._load (module.js:489:3)
    at Module.require (module.js:579:17)
    at require (internal/module.js:11:18)
    at Object.<anonymous> (/Users/idongsu/Desktop/workspace/Freemed/EmrServer/node_modules/traceback/api.js:15:11)
    at Module._compile (module.js:635:30)
2018-07-31 01:20:19: Error: Traceback does not support Error.prepareStackTrace being defined already
    at Object.<anonymous> (/Users/idongsu/Desktop/workspace/Freemed/EmrServer/node_modules/traceback/traceback.js:23:9)
    at Module._compile (module.js:635:30)
    at Object.Module._extensions..js (module.js:646:10)
    at Module.load (module.js:554:32)
    at tryModuleLoad (module.js:497:12)
    at Function.Module._load (module.js:489:3)
    at Module.require (module.js:579:17)
    at require (internal/module.js:11:18)
    at Object.<anonymous> (/Users/idongsu/Desktop/workspace/Freemed/EmrServer/node_modules/traceback/api.js:15:11)
    at Module._compile (module.js:635:30)
2018-07-31 01:20:19: Error: Traceback does not support Error.prepareStackTrace being defined already
    at Object.<anonymous> (/Users/idongsu/Desktop/workspace/Freemed/EmrServer/node_modules/traceback/traceback.js:23:9)
    at Module._compile (module.js:635:30)
    at Object.Module._extensions..js (module.js:646:10)
    at Module.load (module.js:554:32)
    at tryModuleLoad (module.js:497:12)
    at Function.Module._load (module.js:489:3)
    at Module.require (module.js:579:17)
    at require (internal/module.js:11:18)
    at Object.<anonymous> (/Users/idongsu/Desktop/workspace/Freemed/EmrServer/node_modules/traceback/api.js:15:11)
    at Module._compile (module.js:635:30)
2018-07-31 01:20:20: Error: Traceback does not support Error.prepareStackTrace being defined already
    at Object.<anonymous> (/Users/idongsu/Desktop/workspace/Freemed/EmrServer/node_modules/traceback/traceback.js:23:9)
    at Module._compile (module.js:635:30)
    at Object.Module._extensions..js (module.js:646:10)
    at Module.load (module.js:554:32)
    at tryModuleLoad (module.js:497:12)
    at Function.Module._load (module.js:489:3)
    at Module.require (module.js:579:17)
    at require (internal/module.js:11:18)
    at Object.<anonymous> (/Users/idongsu/Desktop/workspace/Freemed/EmrServer/node_modules/traceback/api.js:15:11)
    at Module._compile (module.js:635:30)
2018-07-31 01:20:20: Error: Traceback does not support Error.prepareStackTrace being defined already
    at Object.<anonymous> (/Users/idongsu/Desktop/workspace/Freemed/EmrServer/node_modules/traceback/traceback.js:23:9)
    at Module._compile (module.js:635:30)
    at Object.Module._extensions..js (module.js:646:10)
    at Module.load (module.js:554:32)
    at tryModuleLoad (module.js:497:12)
    at Function.Module._load (module.js:489:3)
    at Module.require (module.js:579:17)
    at require (internal/module.js:11:18)
    at Object.<anonymous> (/Users/idongsu/Desktop/workspace/Freemed/EmrServer/node_modules/traceback/api.js:15:11)
    at Module._compile (module.js:635:30)
2018-07-31 01:20:20: Error: Traceback does not support Error.prepareStackTrace being defined already
    at Object.<anonymous> (/Users/idongsu/Desktop/workspace/Freemed/EmrServer/node_modules/traceback/traceback.js:23:9)
    at Module._compile (module.js:635:30)
    at Object.Module._extensions..js (module.js:646:10)
    at Module.load (module.js:554:32)
    at tryModuleLoad (module.js:497:12)
    at Function.Module._load (module.js:489:3)
    at Module.require (module.js:579:17)
    at require (internal/module.js:11:18)
    at Object.<anonymous> (/Users/idongsu/Desktop/workspace/Freemed/EmrServer/node_modules/traceback/api.js:15:11)
    at Module._compile (module.js:635:30)
